<?xml version="1.0" encoding="UTF-8" ?>
<testsuite failures="0" time="0.031" errors="0" skipped="0" tests="6" name="net.kielsaenz.consultorio.dao.hibernate.UbigeoDaoHbnTest">
  <properties>
[...]
</properties>
  <testcase time="0" classname="net.kielsaenz.consultorio.dao.hibernate.UbigeoDaoHbnTest" name="getDepartamentoPorIdTest"/>
  <testcase time="0.015" classname="net.kielsaenz.consultorio.dao.hibernate.UbigeoDaoHbnTest" name="getDepartamentosTest"/>
  <testcase time="0" classname="net.kielsaenz.consultorio.dao.hibernate.UbigeoDaoHbnTest" name="getDistritoPorIdTest"/>
  <testcase time="0" classname="net.kielsaenz.consultorio.dao.hibernate.UbigeoDaoHbnTest" name="getDistritosPorProvinciaTest"/>
  <testcase time="0.016" classname="net.kielsaenz.consultorio.dao.hibernate.UbigeoDaoHbnTest" name="getProvinciaPorIdTest"/>
  <testcase time="0" classname="net.kielsaenz.consultorio.dao.hibernate.UbigeoDaoHbnTest" name="getProvinciasPorDepartamentoTest"/>
</testsuite>